15:29:34 **** Clean-only build of configuration Debug for project TP_2 ****
rm -rf src/ArrayPassenger.d src/ArrayPassenger.o src/TP_2.d src/funciones.o TP_2.exe src/TP_2.o src/funciones.d 
15:29:34 **** Rebuild of configuration Debug for project TP_2 ****
Info: Internal Builder is used for build
gcc -O0 -g3 -Wall -c -fmessage-length=0 -o "src\\TP_2.o" "..\\src\\TP_2.c" 
gcc -O0 -g3 -Wall -c -fmessage-length=0 -o "src\\ArrayPassenger.o" "..\\src\\ArrayPassenger.c" 
gcc -O0 -g3 -Wall -c -fmessage-length=0 -o "src\\funciones.o" "..\\src\\funciones.c" 
gcc -o TP_2.exe "src\\ArrayPassenger.o" "src\\TP_2.o" "src\\funciones.o" 
Info: Nothing to build for TP_2
Info: Nothing to build for TP_2
Info: Nothing to build for TP_2
15:30:05 **** Incremental Build of configuration Debug for project TP_2 ****
Info: Internal Builder is used for build
gcc -O0 -g3 -Wall -c -fmessage-length=0 -o "src\\ArrayPassenger.o" "..\\src\\ArrayPassenger.c" 
gcc -o TP_2.exe "src\\ArrayPassenger.o" "src\\TP_2.o" "src\\funciones.o" 
Info: Nothing to build for TP_2
Info: Nothing to build for TP_2
15:33:03 **** Incremental Build of configuration Debug for project TP_2 ****
Info: Internal Builder is used for build
gcc -O0 -g3 -Wall -c -fmessage-length=0 -o "src\\ArrayPassenger.o" "..\\src\\ArrayPassenger.c" 
gcc -o TP_2.exe "src\\ArrayPassenger.o" "src\\TP_2.o" "src\\funciones.o" 
Info: Nothing to build for TP_2
15:44:31 **** Incremental Build of configuration Debug for project TP_2 ****
Info: Internal Builder is used for build
gcc -O0 -g3 -Wall -c -fmessage-length=0 -o "src\\funciones.o" "..\\src\\funciones.c" 
gcc -O0 -g3 -Wall -c -fmessage-length=0 -o "src\\TP_2.o" "..\\src\\TP_2.c" 
gcc -o TP_2.exe "src\\ArrayPassenger.o" "src\\TP_2.o" "src\\funciones.o" 
15:45:35 **** Incremental Build of configuration Debug for project TP_2 ****
Info: Internal Builder is used for build
gcc -O0 -g3 -Wall -c -fmessage-length=0 -o "src\\funciones.o" "..\\src\\funciones.c" 
gcc -o TP_2.exe "src\\ArrayPassenger.o" "src\\TP_2.o" "src\\funciones.o" 
c:/mingw/bin/../lib/gcc/mingw32/9.2.0/../../../../mingw32/bin/ld.exe: cannot open output file TP_2.exe: Permission denied
collect2.exe: error: ld returned 1 exit status
15:45:40 **** Incremental Build of configuration Debug for project TP_2 ****
Info: Internal Builder is used for build
gcc -o TP_2.exe "src\\ArrayPassenger.o" "src\\TP_2.o" "src\\funciones.o" 
15:54:29 **** Incremental Build of configuration Debug for project TP_2 ****
Info: Internal Builder is used for build
gcc -O0 -g3 -Wall -c -fmessage-length=0 -o "src\\funciones.o" "..\\src\\funciones.c" 
gcc -o TP_2.exe "src\\ArrayPassenger.o" "src\\TP_2.o" "src\\funciones.o" 
15:55:04 **** Incremental Build of configuration Debug for project TP_2 ****
Info: Internal Builder is used for build
gcc -O0 -g3 -Wall -c -fmessage-length=0 -o "src\\funciones.o" "..\\src\\funciones.c" 
gcc -o TP_2.exe "src\\ArrayPassenger.o" "src\\TP_2.o" "src\\funciones.o" 
c:/mingw/bin/../lib/gcc/mingw32/9.2.0/../../../../mingw32/bin/ld.exe: cannot open output file TP_2.exe: Permission denied
collect2.exe: error: ld returned 1 exit status
15:55:08 **** Incremental Build of configuration Debug for project TP_2 ****
Info: Internal Builder is used for build
gcc -o TP_2.exe "src\\ArrayPassenger.o" "src\\TP_2.o" "src\\funciones.o" 
18:12:20 **** Incremental Build of configuration Debug for project TP_2 ****
Info: Internal Builder is used for build
gcc -O0 -g3 -Wall -c -fmessage-length=0 -o "src\\funciones.o" "..\\src\\funciones.c" 
gcc -o TP_2.exe "src\\ArrayPassenger.o" "src\\TP_2.o" "src\\funciones.o" 
c:/mingw/bin/../lib/gcc/mingw32/9.2.0/../../../../mingw32/bin/ld.exe: cannot open output file TP_2.exe: Permission denied
collect2.exe: error: ld returned 1 exit status
18:12:27 **** Incremental Build of configuration Debug for project TP_2 ****
Info: Internal Builder is used for build
gcc -o TP_2.exe "src\\ArrayPassenger.o" "src\\TP_2.o" "src\\funciones.o" 
